<?xml version="1.0" encoding="UTF-8"?>
<testng-results ignored="0" total="1" passed="1" failed="0" skipped="0">
  <reporter-output>
  </reporter-output>
  <suite started-at="2022-07-20T20:42:16 AST" name="Default suite" finished-at="2022-07-20T20:43:01 AST" duration-ms="44873">
    <groups>
    </groups>
    <test started-at="2022-07-20T20:42:16 AST" name="Default test" finished-at="2022-07-20T20:43:01 AST" duration-ms="44873">
      <class name="WebElements.UsingID">
        <test-method signature="chromePage()[pri:0, instance:WebElements.UsingID@ed7f8b4]" started-at="2022-07-20T20:42:17 AST" name="chromePage" finished-at="2022-07-20T20:43:01 AST" duration-ms="44803" status="PASS">
          <reporter-output>
          </reporter-output>
        </test-method> <!-- chromePage -->
      </class> <!-- WebElements.UsingID -->
    </test> <!-- Default test -->
  </suite> <!-- Default suite -->
</testng-results>
